c:\users\artur\desktop\kursova_tselin\kursova_tselin\debug\vc143.pdb
c:\users\artur\desktop\kursova_tselin\kursova_tselin\debug\.netframework,version=v4.7.2.assemblyattributes.obj
c:\users\artur\desktop\kursova_tselin\kursova_tselin\debug\zadacha.obj
c:\users\artur\desktop\kursova_tselin\kursova_tselin\debug\avtor.obj
c:\users\artur\desktop\kursova_tselin\kursova_tselin\debug\lombard.obj
c:\users\artur\desktop\kursova_tselin\kursova_tselin\debug\tutylka.obj
c:\users\artur\desktop\kursova_tselin\debug\kursova_tselin.exe
c:\users\artur\desktop\kursova_tselin\debug\kursova_tselin.pdb
c:\users\artur\desktop\kursova_tselin\kursova_tselin\debug\kursova_tselin.tlog\cl.command.1.tlog
c:\users\artur\desktop\kursova_tselin\kursova_tselin\debug\kursova_tselin.tlog\cl.items.tlog
c:\users\artur\desktop\kursova_tselin\kursova_tselin\debug\kursova_tselin.tlog\cl.read.1.tlog
c:\users\artur\desktop\kursova_tselin\kursova_tselin\debug\kursova_tselin.tlog\cl.write.1.tlog
c:\users\artur\desktop\kursova_tselin\kursova_tselin\debug\kursova_tselin.tlog\link.command.1.tlog
c:\users\artur\desktop\kursova_tselin\kursova_tselin\debug\kursova_tselin.tlog\link.read.1.tlog
c:\users\artur\desktop\kursova_tselin\kursova_tselin\debug\kursova_tselin.tlog\link.write.1.tlog
c:\users\artur\desktop\kursova_tselin\kursova_tselin\debug\kursova_tselin.tlog\metagen.read.1.tlog
c:\users\artur\desktop\kursova_tselin\kursova_tselin\debug\kursova_tselin.tlog\metagen.write.1.tlog
c:\users\artur\desktop\kursova_tselin\kursova_tselin\debug\kursova_tselin.tlog\resgen.command.1.tlog
c:\users\artur\desktop\kursova_tselin\kursova_tselin\debug\kursova_tselin.tlog\resgen.read.1.tlog
c:\users\artur\desktop\kursova_tselin\kursova_tselin\debug\kursova_tselin.tlog\resgen.write.1.tlog
